<?xml version="1.0" encoding="UTF-8"?>
<testsuite xmlns:xsi="http://www.w3.org/2001/XMLSchema-instance" xsi:noNamespaceSchemaLocation="https://maven.apache.org/surefire/maven-surefire-plugin/xsd/surefire-test-report.xsd" name="TestSuite" time="815.201" tests="34" errors="0" skipped="0" failures="6">
  <properties>
[...]
</properties>
  <testcase name="runScenario" classname="com.project.rll.runners.TestNgRunner" time="41.309"/>
  <testcase name="runScenario" classname="com.project.rll.runners.TestNgRunner" time="30.147">
    <failure message="no such element: Unable to locate element: {&quot;method&quot;:&quot;xpath&quot;,&quot;selector&quot;:&quot;//div[@class=&apos;errors&apos;]/ul/li&quot;}&#10;  (Session info: chrome=122.0.6261.70)&#10;For documentation on this error, please visit: https://www.selenium.dev/documentation/webdriver/troubleshooting/errors#no-such-element-exception&#10;Build info: version: &apos;4.11.0&apos;, revision: &apos;040bc5406b&apos;&#10;System info: os.name: &apos;Windows 11&apos;, os.arch: &apos;amd64&apos;, os.version: &apos;10.0&apos;, java.version: &apos;17.0.9&apos;&#10;Driver info: org.openqa.selenium.chrome.ChromeDriver&#10;Command: [08e6a691c571adc784e9c5b360ab2cf1, findElement {using=xpath, value=//div[@class=&apos;errors&apos;]/ul/li}]&#10;Capabilities {acceptInsecureCerts: false, browserName: chrome, browserVersion: 122.0.6261.70, chrome: {chromedriverVersion: 122.0.6261.94 (880dbf29479c..., userDataDir: C:\Users\Karthik\AppData\Lo...}, fedcm:accounts: true, goog:chromeOptions: {debuggerAddress: localhost:1218}, networkConnectionEnabled: false, pageLoadStrategy: normal, platformName: windows, proxy: Proxy(), se:cdp: ws://localhost:1218/devtool..., se:cdpVersion: 122.0.6261.70, setWindowRect: true, strictFileInteractability: false, timeouts: {implicit: 0, pageLoad: 300000, script: 30000}, unhandledPromptBehavior: dismiss and notify, webauthn:extension:credBlob: true, webauthn:extension:largeBlob: true, webauthn:extension:minPinLength: true, webauthn:extension:prf: true, webauthn:virtualAuthenticators: true}&#10;Session ID: 08e6a691c571adc784e9c5b360ab2cf1" type="org.openqa.selenium.NoSuchElementException">org.openqa.selenium.NoSuchElementException: 
no such element: Unable to locate element: {"method":"xpath","selector":"//div[@class='errors']/ul/li"}
  (Session info: chrome=122.0.6261.70)
For documentation on this error, please visit: https://www.selenium.dev/documentation/webdriver/troubleshooting/errors#no-such-element-exception
Build info: version: '4.11.0', revision: '040bc5406b'
System info: os.name: 'Windows 11', os.arch: 'amd64', os.version: '10.0', java.version: '17.0.9'
Driver info: org.openqa.selenium.chrome.ChromeDriver
Command: [08e6a691c571adc784e9c5b360ab2cf1, findElement {using=xpath, value=//div[@class='errors']/ul/li}]
Capabilities {acceptInsecureCerts: false, browserName: chrome, browserVersion: 122.0.6261.70, chrome: {chromedriverVersion: 122.0.6261.94 (880dbf29479c..., userDataDir: C:\Users\Karthik\AppData\Lo...}, fedcm:accounts: true, goog:chromeOptions: {debuggerAddress: localhost:1218}, networkConnectionEnabled: false, pageLoadStrategy: normal, platformName: windows, proxy: Proxy(), se:cdp: ws://localhost:1218/devtool..., se:cdpVersion: 122.0.6261.70, setWindowRect: true, strictFileInteractability: false, timeouts: {implicit: 0, pageLoad: 300000, script: 30000}, unhandledPromptBehavior: dismiss and notify, webauthn:extension:credBlob: true, webauthn:extension:largeBlob: true, webauthn:extension:minPinLength: true, webauthn:extension:prf: true, webauthn:virtualAuthenticators: true}
Session ID: 08e6a691c571adc784e9c5b360ab2cf1
</failure>
    <system-out><![CDATA[
@signup @chilternoak
Scenario Outline: To test the SigUp functionality of Chiltern Oak page &amp#27;[90m# src/test/resource/Features/Asignup.feature:16&amp#27;[0m
[INFO ] 2024-02-29 17:27:48.440 [main] SignUpStepDefs - User navigates to the signuppage
  &amp#27;[32mGiven &amp#27;[0m&amp#27;[32muser navigates to the signup page&amp#27;[0m                              &amp#27;[90m# com.project.rll.steps.SignUpStepDefs.user_navigates_to_the_signup_page()&amp#27;[0m
[INFO ] 2024-02-29 17:27:55.949 [main] SignUpStepDefs - the user enters their first name 
User enters First name
  &amp#27;[32mWhen &amp#27;[0m&amp#27;[32mthe user enters their first name as &amp#27;[0m&amp#27;[32m&amp#27;[1m'User'&amp#27;[0m                      &amp#27;[90m# com.project.rll.steps.SignUpStepDefs.the_user_enters_their_first_name_as(java.lang.String)&amp#27;[0m
[INFO ] 2024-02-29 17:27:56.144 [main] SignUpStepDefs - the user enters their last name 
User enters Last name
  &amp#27;[32mAnd &amp#27;[0m&amp#27;[32mthe user enters their last name as &amp#27;[0m&amp#27;[32m&amp#27;[1m'A'&amp#27;[0m                           &amp#27;[90m# com.project.rll.steps.SignUpStepDefs.the_user_enters_their_last_name_as(java.lang.String)&amp#27;[0m
[INFO ] 2024-02-29 17:27:56.336 [main] SignUpStepDefs - the user enters their email 
User enters email
  &amp#27;[32mAnd &amp#27;[0m&amp#27;[32mthe user enters their email as &amp#27;[0m&amp#27;[32m&amp#27;[1m''&amp#27;[0m                                &amp#27;[90m# com.project.rll.steps.SignUpStepDefs.the_user_enters_their_email_as(java.lang.String)&amp#27;[0m
[INFO ] 2024-02-29 17:27:56.476 [main] SignUpStepDefs - the user enters their password 
User enters password
  &amp#27;[32mAnd &amp#27;[0m&amp#27;[32mthe user enters their password as &amp#27;[0m&amp#27;[32m&amp#27;[1m'Qseasfrr@123'&amp#27;[0m                 &amp#27;[90m# com.project.rll.steps.SignUpStepDefs.the_user_enters_their_password_as(java.lang.String)&amp#27;[0m
[INFO ] 2024-02-29 17:27:56.759 [main] SignUpStepDefs - the user click on create botton 
  &amp#27;[32mAnd &amp#27;[0m&amp#27;[32mthe user click on create botton&amp#27;[0m                                  &amp#27;[90m# com.project.rll.steps.SignUpStepDefs.the_user_click_on_create_botton()&amp#27;[0m
[INFO ] 2024-02-29 17:28:07.048 [main] SignUpStepDefs - the user should be registered successfully 
  &amp#27;[31mThen &amp#27;[0m&amp#27;[31mthe user should see the status as &amp#27;[0m&amp#27;[31m&amp#27;[1m"Email can't be blanK."&amp#27;[0m       &amp#27;[90m# com.project.rll.steps.SignUpStepDefs.the_user_should_see_the_status_as(java.lang.String)&amp#27;[0m
      &amp#27;[31morg.openqa.selenium.NoSuchElementException: no such element: Unable to locate element: {"method":"xpath","selector":"//div[@class='errors']/ul/li"}
  (Session info: chrome=122.0.6261.70)
For documentation on this error, please visit: https://www.selenium.dev/documentation/webdriver/troubleshooting/errors#no-such-element-exception
Build info: version: '4.11.0', revision: '040bc5406b'
System info: os.name: 'Windows 11', os.arch: 'amd64', os.version: '10.0', java.version: '17.0.9'
Driver info: org.openqa.selenium.chrome.ChromeDriver
Command: [08e6a691c571adc784e9c5b360ab2cf1, findElement {using=xpath, value=//div[@class='errors']/ul/li}]
Capabilities {acceptInsecureCerts: false, browserName: chrome, browserVersion: 122.0.6261.70, chrome: {chromedriverVersion: 122.0.6261.94 (880dbf29479c..., userDataDir: C:\Users\Karthik\AppData\Lo...}, fedcm:accounts: true, goog:chromeOptions: {debuggerAddress: localhost:1218}, networkConnectionEnabled: false, pageLoadStrategy: normal, platformName: windows, proxy: Proxy(), se:cdp: ws://localhost:1218/devtool..., se:cdpVersion: 122.0.6261.70, setWindowRect: true, strictFileInteractability: false, timeouts: {implicit: 0, pageLoad: 300000, script: 30000}, unhandledPromptBehavior: dismiss and notify, webauthn:extension:credBlob: true, webauthn:extension:largeBlob: true, webauthn:extension:minPinLength: true, webauthn:extension:prf: true, webauthn:virtualAuthenticators: true}
Session ID: 08e6a691c571adc784e9c5b360ab2cf1
	at java.base/jdk.internal.reflect.NativeConstructorAccessorImpl.newInstance0(Native Method)
	at java.base/jdk.internal.reflect.NativeConstructorAccessorImpl.newInstance(NativeConstructorAccessorImpl.java:77)
	at java.base/jdk.internal.reflect.DelegatingConstructorAccessorImpl.newInstance(DelegatingConstructorAccessorImpl.java:45)
	at java.base/java.lang.reflect.Constructor.newInstanceWithCaller(Constructor.java:499)
	at java.base/java.lang.reflect.Constructor.newInstance(Constructor.java:480)
	at org.openqa.selenium.remote.codec.w3c.W3CHttpResponseCodec.createException(W3CHttpResponseCodec.java:200)
	at org.openqa.selenium.remote.codec.w3c.W3CHttpResponseCodec.decode(W3CHttpResponseCodec.java:133)
	at org.openqa.selenium.remote.codec.w3c.W3CHttpResponseCodec.decode(W3CHttpResponseCodec.java:52)
	at org.openqa.selenium.remote.HttpCommandExecutor.execute(HttpCommandExecutor.java:191)
	at org.openqa.selenium.remote.service.DriverCommandExecutor.invokeExecute(DriverCommandExecutor.java:196)
	at org.openqa.selenium.remote.service.DriverCommandExecutor.execute(DriverCommandExecutor.java:171)
	at org.openqa.selenium.remote.RemoteWebDriver.execute(RemoteWebDriver.java:518)
	at org.openqa.selenium.remote.ElementLocation$ElementFinder$2.findElement(ElementLocation.java:165)
	at org.openqa.selenium.remote.ElementLocation.findElement(ElementLocation.java:59)
	at org.openqa.selenium.remote.RemoteWebDriver.findElement(RemoteWebDriver.java:355)
	at org.openqa.selenium.remote.RemoteWebDriver.findElement(RemoteWebDriver.java:349)
	at org.openqa.selenium.support.pagefactory.DefaultElementLocator.findElement(DefaultElementLocator.java:68)
	at org.openqa.selenium.support.pagefactory.internal.LocatingElementHandler.invoke(LocatingElementHandler.java:38)
	at jdk.proxy2/jdk.proxy2.$Proxy43.getText(Unknown Source)
	at com.project.rll.pages.SignUpPage.validate_confirm(SignUpPage.java:104)
	at com.project.rll.steps.SignUpStepDefs.the_user_should_see_the_status_as(SignUpStepDefs.java:63)
	at âœ½.the user should see the status as "Email can't be blanK."(file:///C:/Users/Karthik/eclipse-workspace/Chiltern-Oak/src/test/resource/Features/Asignup.feature:11)
&amp#27;[0m

    Embedding To test the SigUp functionality of Chiltern Oak page [image/png 82383 bytes]

]]></system-out>
    <system-err><![CDATA[Feb 29, 2024 5:27:41 PM org.openqa.selenium.devtools.CdpVersionFinder findNearestMatch
WARNING: Unable to find CDP implementation matching 122
Feb 29, 2024 5:27:41 PM org.openqa.selenium.chromium.ChromiumDriver lambda$new$5
WARNING: Unable to find version of CDP to use for 122.0.6261.70. You may need to include a dependency on a specific version of the CDP using something similar to `org.seleniumhq.selenium:selenium-devtools-v86:4.11.0` where the version ("v86") matches the version of the chromium-based browser you're using and the version number of the artifact is the same as Selenium's.
]]></system-err>
  </testcase>
  <testcase name="runScenario" classname="com.project.rll.runners.TestNgRunner" time="24.408"/>
  <testcase name="runScenario" classname="com.project.rll.runners.TestNgRunner" time="24.472"/>
  <testcase name="runScenario" classname="com.project.rll.runners.TestNgRunner" time="29.684">
    <failure message="no such element: Unable to locate element: {&quot;method&quot;:&quot;xpath&quot;,&quot;selector&quot;:&quot;//div[@class=&apos;errors&apos;]/ul/li&quot;}&#10;  (Session info: chrome=122.0.6261.70)&#10;For documentation on this error, please visit: https://www.selenium.dev/documentation/webdriver/troubleshooting/errors#no-such-element-exception&#10;Build info: version: &apos;4.11.0&apos;, revision: &apos;040bc5406b&apos;&#10;System info: os.name: &apos;Windows 11&apos;, os.arch: &apos;amd64&apos;, os.version: &apos;10.0&apos;, java.version: &apos;17.0.9&apos;&#10;Driver info: org.openqa.selenium.chrome.ChromeDriver&#10;Command: [c9215ffb11e704ae7df073b4e8f1ced9, findElement {using=xpath, value=//div[@class=&apos;errors&apos;]/ul/li}]&#10;Capabilities {acceptInsecureCerts: false, browserName: chrome, browserVersion: 122.0.6261.70, chrome: {chromedriverVersion: 122.0.6261.94 (880dbf29479c..., userDataDir: C:\Users\Karthik\AppData\Lo...}, fedcm:accounts: true, goog:chromeOptions: {debuggerAddress: localhost:1701}, networkConnectionEnabled: false, pageLoadStrategy: normal, platformName: windows, proxy: Proxy(), se:cdp: ws://localhost:1701/devtool..., se:cdpVersion: 122.0.6261.70, setWindowRect: true, strictFileInteractability: false, timeouts: {implicit: 0, pageLoad: 300000, script: 30000}, unhandledPromptBehavior: dismiss and notify, webauthn:extension:credBlob: true, webauthn:extension:largeBlob: true, webauthn:extension:minPinLength: true, webauthn:extension:prf: true, webauthn:virtualAuthenticators: true}&#10;Session ID: c9215ffb11e704ae7df073b4e8f1ced9" type="org.openqa.selenium.NoSuchElementException">org.openqa.selenium.NoSuchElementException: 
no such element: Unable to locate element: {"method":"xpath","selector":"//div[@class='errors']/ul/li"}
  (Session info: chrome=122.0.6261.70)
For documentation on this error, please visit: https://www.selenium.dev/documentation/webdriver/troubleshooting/errors#no-such-element-exception
Build info: version: '4.11.0', revision: '040bc5406b'
System info: os.name: 'Windows 11', os.arch: 'amd64', os.version: '10.0', java.version: '17.0.9'
Driver info: org.openqa.selenium.chrome.ChromeDriver
Command: [c9215ffb11e704ae7df073b4e8f1ced9, findElement {using=xpath, value=//div[@class='errors']/ul/li}]
Capabilities {acceptInsecureCerts: false, browserName: chrome, browserVersion: 122.0.6261.70, chrome: {chromedriverVersion: 122.0.6261.94 (880dbf29479c..., userDataDir: C:\Users\Karthik\AppData\Lo...}, fedcm:accounts: true, goog:chromeOptions: {debuggerAddress: localhost:1701}, networkConnectionEnabled: false, pageLoadStrategy: normal, platformName: windows, proxy: Proxy(), se:cdp: ws://localhost:1701/devtool..., se:cdpVersion: 122.0.6261.70, setWindowRect: true, strictFileInteractability: false, timeouts: {implicit: 0, pageLoad: 300000, script: 30000}, unhandledPromptBehavior: dismiss and notify, webauthn:extension:credBlob: true, webauthn:extension:largeBlob: true, webauthn:extension:minPinLength: true, webauthn:extension:prf: true, webauthn:virtualAuthenticators: true}
Session ID: c9215ffb11e704ae7df073b4e8f1ced9
</failure>
    <system-out><![CDATA[
@signup @chilternoak
Scenario Outline: To test the SigUp functionality of Chiltern Oak page                               &amp#27;[90m# src/test/resource/Features/Asignup.feature:19&amp#27;[0m
[INFO ] 2024-02-29 17:29:06.128 [main] SignUpStepDefs - User navigates to the signuppage
  &amp#27;[32mGiven &amp#27;[0m&amp#27;[32muser navigates to the signup page&amp#27;[0m                                                            &amp#27;[90m# com.project.rll.steps.SignUpStepDefs.user_navigates_to_the_signup_page()&amp#27;[0m
[INFO ] 2024-02-29 17:29:12.374 [main] SignUpStepDefs - the user enters their first name 
User enters First name
  &amp#27;[32mWhen &amp#27;[0m&amp#27;[32mthe user enters their first name as &amp#27;[0m&amp#27;[32m&amp#27;[1m'User'&amp#27;[0m                                                    &amp#27;[90m# com.project.rll.steps.SignUpStepDefs.the_user_enters_their_first_name_as(java.lang.String)&amp#27;[0m
[INFO ] 2024-02-29 17:29:12.555 [main] SignUpStepDefs - the user enters their last name 
User enters Last name
  &amp#27;[32mAnd &amp#27;[0m&amp#27;[32mthe user enters their last name as &amp#27;[0m&amp#27;[32m&amp#27;[1m'A'&amp#27;[0m                                                         &amp#27;[90m# com.project.rll.steps.SignUpStepDefs.the_user_enters_their_last_name_as(java.lang.String)&amp#27;[0m
[INFO ] 2024-02-29 17:29:12.682 [main] SignUpStepDefs - the user enters their email 
User enters email
  &amp#27;[32mAnd &amp#27;[0m&amp#27;[32mthe user enters their email as &amp#27;[0m&amp#27;[32m&amp#27;[1m'wsgjhfa012@gmail.com'&amp#27;[0m                                          &amp#27;[90m# com.project.rll.steps.SignUpStepDefs.the_user_enters_their_email_as(java.lang.String)&amp#27;[0m
[INFO ] 2024-02-29 17:29:12.880 [main] SignUpStepDefs - the user enters their password 
User enters password
  &amp#27;[32mAnd &amp#27;[0m&amp#27;[32mthe user enters their password as &amp#27;[0m&amp#27;[32m&amp#27;[1m'Qasfserr@123'&amp#27;[0m                                               &amp#27;[90m# com.project.rll.steps.SignUpStepDefs.the_user_enters_their_password_as(java.lang.String)&amp#27;[0m
[INFO ] 2024-02-29 17:29:13.045 [main] SignUpStepDefs - the user click on create botton 
  &amp#27;[32mAnd &amp#27;[0m&amp#27;[32mthe user click on create botton&amp#27;[0m                                                                &amp#27;[90m# com.project.rll.steps.SignUpStepDefs.the_user_click_on_create_botton()&amp#27;[0m
[INFO ] 2024-02-29 17:29:26.418 [main] SignUpStepDefs - the user should be registered successfully 
  &amp#27;[31mThen &amp#27;[0m&amp#27;[31mthe user should see the status as &amp#27;[0m&amp#27;[31m&amp#27;[1m"This email address is already associated with an account."&amp#27;[0m &amp#27;[90m# com.project.rll.steps.SignUpStepDefs.the_user_should_see_the_status_as(java.lang.String)&amp#27;[0m
      &amp#27;[31morg.openqa.selenium.NoSuchElementException: no such element: Unable to locate element: {"method":"xpath","selector":"//div[@class='errors']/ul/li"}
  (Session info: chrome=122.0.6261.70)
For documentation on this error, please visit: https://www.selenium.dev/documentation/webdriver/troubleshooting/errors#no-such-element-exception
Build info: version: '4.11.0', revision: '040bc5406b'
System info: os.name: 'Windows 11', os.arch: 'amd64', os.version: '10.0', java.version: '17.0.9'
Driver info: org.openqa.selenium.chrome.ChromeDriver
Command: [c9215ffb11e704ae7df073b4e8f1ced9, findElement {using=xpath, value=//div[@class='errors']/ul/li}]
Capabilities {acceptInsecureCerts: false, browserName: chrome, browserVersion: 122.0.6261.70, chrome: {chromedriverVersion: 122.0.6261.94 (880dbf29479c..., userDataDir: C:\Users\Karthik\AppData\Lo...}, fedcm:accounts: true, goog:chromeOptions: {debuggerAddress: localhost:1701}, networkConnectionEnabled: false, pageLoadStrategy: normal, platformName: windows, proxy: Proxy(), se:cdp: ws://localhost:1701/devtool..., se:cdpVersion: 122.0.6261.70, setWindowRect: true, strictFileInteractability: false, timeouts: {implicit: 0, pageLoad: 300000, script: 30000}, unhandledPromptBehavior: dismiss and notify, webauthn:extension:credBlob: true, webauthn:extension:largeBlob: true, webauthn:extension:minPinLength: true, webauthn:extension:prf: true, webauthn:virtualAuthenticators: true}
Session ID: c9215ffb11e704ae7df073b4e8f1ced9
	at java.base/jdk.internal.reflect.NativeConstructorAccessorImpl.newInstance0(Native Method)
	at java.base/jdk.internal.reflect.NativeConstructorAccessorImpl.newInstance(NativeConstructorAccessorImpl.java:77)
	at java.base/jdk.internal.reflect.DelegatingConstructorAccessorImpl.newInstance(DelegatingConstructorAccessorImpl.java:45)
	at java.base/java.lang.reflect.Constructor.newInstanceWithCaller(Constructor.java:499)
	at java.base/java.lang.reflect.Constructor.newInstance(Constructor.java:480)
	at org.openqa.selenium.remote.codec.w3c.W3CHttpResponseCodec.createException(W3CHttpResponseCodec.java:200)
	at org.openqa.selenium.remote.codec.w3c.W3CHttpResponseCodec.decode(W3CHttpResponseCodec.java:133)
	at org.openqa.selenium.remote.codec.w3c.W3CHttpResponseCodec.decode(W3CHttpResponseCodec.java:52)
	at org.openqa.selenium.remote.HttpCommandExecutor.execute(HttpCommandExecutor.java:191)
	at org.openqa.selenium.remote.service.DriverCommandExecutor.invokeExecute(DriverCommandExecutor.java:196)
	at org.openqa.selenium.remote.service.DriverCommandExecutor.execute(DriverCommandExecutor.java:171)
	at org.openqa.selenium.remote.RemoteWebDriver.execute(RemoteWebDriver.java:518)
	at org.openqa.selenium.remote.ElementLocation$ElementFinder$2.findElement(ElementLocation.java:165)
	at org.openqa.selenium.remote.ElementLocation.findElement(ElementLocation.java:59)
	at org.openqa.selenium.remote.RemoteWebDriver.findElement(RemoteWebDriver.java:355)
	at org.openqa.selenium.remote.RemoteWebDriver.findElement(RemoteWebDriver.java:349)
	at org.openqa.selenium.support.pagefactory.DefaultElementLocator.findElement(DefaultElementLocator.java:68)
	at org.openqa.selenium.support.pagefactory.internal.LocatingElementHandler.invoke(LocatingElementHandler.java:38)
	at jdk.proxy2/jdk.proxy2.$Proxy43.getText(Unknown Source)
	at com.project.rll.pages.SignUpPage.validate_confirm(SignUpPage.java:104)
	at com.project.rll.steps.SignUpStepDefs.the_user_should_see_the_status_as(SignUpStepDefs.java:63)
	at âœ½.the user should see the status as "This email address is already associated with an account."(file:///C:/Users/Karthik/eclipse-workspace/Chiltern-Oak/src/test/resource/Features/Asignup.feature:11)
&amp#27;[0m

    Embedding To test the SigUp functionality of Chiltern Oak page [image/png 87875 bytes]

]]></system-out>
    <system-err><![CDATA[Feb 29, 2024 5:29:00 PM org.openqa.selenium.devtools.CdpVersionFinder findNearestMatch
WARNING: Unable to find CDP implementation matching 122
Feb 29, 2024 5:29:00 PM org.openqa.selenium.chromium.ChromiumDriver lambda$new$5
WARNING: Unable to find version of CDP to use for 122.0.6261.70. You may need to include a dependency on a specific version of the CDP using something similar to `org.seleniumhq.selenium:selenium-devtools-v86:4.11.0` where the version ("v86") matches the version of the chromium-based browser you're using and the version number of the artifact is the same as Selenium's.
]]></system-err>
  </testcase>
  <testcase name="runScenario" classname="com.project.rll.runners.TestNgRunner" time="16.837">
    <failure message="expected:&lt;...noakfurniture.co.uk/[challenge]&gt; but was:&lt;...noakfurniture.co.uk/[account/login?return_url=%2Faccount]&gt;" type="junit.framework.ComparisonFailure"><![CDATA[junit.framework.ComparisonFailure: expected:<...noakfurniture.co.uk/[challenge]> but was:<...noakfurniture.co.uk/[account/login?return_url=%2Faccount]>
]]></failure>
    <system-out><![CDATA[
@login @chilternoak
Scenario Outline: User login with different credentials by using excel                                                    &amp#27;[90m# src/test/resource/Features/Blogin.feature:12&amp#27;[0m
[INFO ] 2024-02-29 17:29:35.434 [main] LoginStepDefs - User navigates to the loginpage
  &amp#27;[32mGiven &amp#27;[0m&amp#27;[32muser navigates to the login page&amp#27;[0m                                                                                  &amp#27;[90m# com.project.rll.steps.LoginStepDefs.user_navigates_to_the_login_page()&amp#27;[0m
[INFO ] 2024-02-29 17:29:38.132 [main] LoginStepDefs - user enters username and password
  &amp#27;[32mWhen &amp#27;[0m&amp#27;[32muser enters username and password by giving &amp#27;[0m&amp#27;[32m&amp#27;[1m"login"&amp#27;[0m&amp#27;[32m and &amp#27;[0m&amp#27;[32m&amp#27;[1m1&amp#27;[0m                                                          &amp#27;[90m# com.project.rll.steps.LoginStepDefs.user_enters_and(java.lang.String,int)&amp#27;[0m
[INFO ] 2024-02-29 17:29:43.854 [main] LoginStepDefs - clicks the login button
  &amp#27;[32mAnd &amp#27;[0m&amp#27;[32mclicks the login button&amp#27;[0m                                                                                             &amp#27;[90m# com.project.rll.steps.LoginStepDefs.clicks_the_login_button()&amp#27;[0m
[INFO ] 2024-02-29 17:29:43.861 [main] LoginStepDefs - Message Should Be Displayed
  &amp#27;[31mThen &amp#27;[0m&amp#27;[31mverify user is able to login checking &amp#27;[0m&amp#27;[31m&amp#27;[1m"https://www.chilternoakfurniture.co.uk/account/login?return_url=%2Faccount"&amp#27;[0m &amp#27;[90m# com.project.rll.steps.LoginStepDefs.verify_user_is_able_to_login_checking(java.lang.String)&amp#27;[0m
      &amp#27;[31mjunit.framework.ComparisonFailure: expected:<...noakfurniture.co.uk/[challenge]> but was:<...noakfurniture.co.uk/[account/login?return_url=%2Faccount]>
	at junit.framework.Assert.assertEquals(Assert.java:100)
	at junit.framework.Assert.assertEquals(Assert.java:107)
	at com.project.rll.steps.LoginStepDefs.verify_user_is_able_to_login_checking(LoginStepDefs.java:59)
	at âœ½.verify user is able to login checking "https://www.chilternoakfurniture.co.uk/account/login?return_url=%2Faccount"(file:///C:/Users/Karthik/eclipse-workspace/Chiltern-Oak/src/test/resource/Features/Blogin.feature:8)
&amp#27;[0m

    Embedding User login with different credentials by using excel [image/png 87875 bytes]

]]></system-out>
    <system-err><![CDATA[Feb 29, 2024 5:29:30 PM org.openqa.selenium.devtools.CdpVersionFinder findNearestMatch
WARNING: Unable to find CDP implementation matching 122
Feb 29, 2024 5:29:30 PM org.openqa.selenium.chromium.ChromiumDriver lambda$new$5
WARNING: Unable to find version of CDP to use for 122.0.6261.70. You may need to include a dependency on a specific version of the CDP using something similar to `org.seleniumhq.selenium:selenium-devtools-v86:4.11.0` where the version ("v86") matches the version of the chromium-based browser you're using and the version number of the artifact is the same as Selenium's.
]]></system-err>
  </testcase>
  <testcase name="runScenario" classname="com.project.rll.runners.TestNgRunner" time="12.743"/>
  <testcase name="runScenario" classname="com.project.rll.runners.TestNgRunner" time="16.946">
    <failure message="expected:&lt;...noakfurniture.co.uk/[challenge]&gt; but was:&lt;...noakfurniture.co.uk/[account/login?return_url=%2Faccount]&gt;" type="junit.framework.ComparisonFailure"><![CDATA[junit.framework.ComparisonFailure: expected:<...noakfurniture.co.uk/[challenge]> but was:<...noakfurniture.co.uk/[account/login?return_url=%2Faccount]>
]]></failure>
    <system-out><![CDATA[
@login @chilternoak
Scenario Outline: User login with different credentials by using excel                                                    &amp#27;[90m# src/test/resource/Features/Blogin.feature:14&amp#27;[0m
[INFO ] 2024-02-29 17:30:06.682 [main] LoginStepDefs - User navigates to the loginpage
  &amp#27;[32mGiven &amp#27;[0m&amp#27;[32muser navigates to the login page&amp#27;[0m                                                                                  &amp#27;[90m# com.project.rll.steps.LoginStepDefs.user_navigates_to_the_login_page()&amp#27;[0m
[INFO ] 2024-02-29 17:30:10.108 [main] LoginStepDefs - user enters username and password
  &amp#27;[32mWhen &amp#27;[0m&amp#27;[32muser enters username and password by giving &amp#27;[0m&amp#27;[32m&amp#27;[1m"login"&amp#27;[0m&amp#27;[32m and &amp#27;[0m&amp#27;[32m&amp#27;[1m3&amp#27;[0m                                                          &amp#27;[90m# com.project.rll.steps.LoginStepDefs.user_enters_and(java.lang.String,int)&amp#27;[0m
[INFO ] 2024-02-29 17:30:13.482 [main] LoginStepDefs - clicks the login button
  &amp#27;[32mAnd &amp#27;[0m&amp#27;[32mclicks the login button&amp#27;[0m                                                                                             &amp#27;[90m# com.project.rll.steps.LoginStepDefs.clicks_the_login_button()&amp#27;[0m
[INFO ] 2024-02-29 17:30:13.493 [main] LoginStepDefs - Message Should Be Displayed
  &amp#27;[31mThen &amp#27;[0m&amp#27;[31mverify user is able to login checking &amp#27;[0m&amp#27;[31m&amp#27;[1m"https://www.chilternoakfurniture.co.uk/account/login?return_url=%2Faccount"&amp#27;[0m &amp#27;[90m# com.project.rll.steps.LoginStepDefs.verify_user_is_able_to_login_checking(java.lang.String)&amp#27;[0m
      &amp#27;[31mjunit.framework.ComparisonFailure: expected:<...noakfurniture.co.uk/[challenge]> but was:<...noakfurniture.co.uk/[account/login?return_url=%2Faccount]>
	at junit.framework.Assert.assertEquals(Assert.java:100)
	at junit.framework.Assert.assertEquals(Assert.java:107)
	at com.project.rll.steps.LoginStepDefs.verify_user_is_able_to_login_checking(LoginStepDefs.java:59)
	at âœ½.verify user is able to login checking "https://www.chilternoakfurniture.co.uk/account/login?return_url=%2Faccount"(file:///C:/Users/Karthik/eclipse-workspace/Chiltern-Oak/src/test/resource/Features/Blogin.feature:8)
&amp#27;[0m

    Embedding User login with different credentials by using excel [image/png 87875 bytes]

]]></system-out>
    <system-err><![CDATA[Feb 29, 2024 5:29:59 PM org.openqa.selenium.devtools.CdpVersionFinder findNearestMatch
WARNING: Unable to find CDP implementation matching 122
Feb 29, 2024 5:29:59 PM org.openqa.selenium.chromium.ChromiumDriver lambda$new$5
WARNING: Unable to find version of CDP to use for 122.0.6261.70. You may need to include a dependency on a specific version of the CDP using something similar to `org.seleniumhq.selenium:selenium-devtools-v86:4.11.0` where the version ("v86") matches the version of the chromium-based browser you're using and the version number of the artifact is the same as Selenium's.
]]></system-err>
  </testcase>
  <testcase name="runScenario" classname="com.project.rll.runners.TestNgRunner" time="12.382">
    <failure message="expected:&lt;...niture.co.uk/account[/login?return_url=%2Faccount]&gt; but was:&lt;...niture.co.uk/account[]&gt;" type="junit.framework.ComparisonFailure"><![CDATA[junit.framework.ComparisonFailure: expected:<...niture.co.uk/account[/login?return_url=%2Faccount]> but was:<...niture.co.uk/account[]>
]]></failure>
    <system-out><![CDATA[
@login @chilternoak
Scenario Outline: User login with different credentials by using excel                        &amp#27;[90m# src/test/resource/Features/Blogin.feature:15&amp#27;[0m
[INFO ] 2024-02-29 17:30:21.587 [main] LoginStepDefs - User navigates to the loginpage
  &amp#27;[32mGiven &amp#27;[0m&amp#27;[32muser navigates to the login page&amp#27;[0m                                                      &amp#27;[90m# com.project.rll.steps.LoginStepDefs.user_navigates_to_the_login_page()&amp#27;[0m
[INFO ] 2024-02-29 17:30:24.635 [main] LoginStepDefs - user enters username and password
  &amp#27;[32mWhen &amp#27;[0m&amp#27;[32muser enters username and password by giving &amp#27;[0m&amp#27;[32m&amp#27;[1m"login"&amp#27;[0m&amp#27;[32m and &amp#27;[0m&amp#27;[32m&amp#27;[1m4&amp#27;[0m                              &amp#27;[90m# com.project.rll.steps.LoginStepDefs.user_enters_and(java.lang.String,int)&amp#27;[0m
[INFO ] 2024-02-29 17:30:25.531 [main] LoginStepDefs - clicks the login button
  &amp#27;[32mAnd &amp#27;[0m&amp#27;[32mclicks the login button&amp#27;[0m                                                                 &amp#27;[90m# com.project.rll.steps.LoginStepDefs.clicks_the_login_button()&amp#27;[0m
[INFO ] 2024-02-29 17:30:25.531 [main] LoginStepDefs - Message Should Be Displayed
  &amp#27;[31mThen &amp#27;[0m&amp#27;[31mverify user is able to login checking &amp#27;[0m&amp#27;[31m&amp#27;[1m"https://www.chilternoakfurniture.co.uk/account"&amp#27;[0m &amp#27;[90m# com.project.rll.steps.LoginStepDefs.verify_user_is_able_to_login_checking(java.lang.String)&amp#27;[0m
      &amp#27;[31mjunit.framework.ComparisonFailure: expected:<...niture.co.uk/account[/login?return_url=%2Faccount]> but was:<...niture.co.uk/account[]>
	at junit.framework.Assert.assertEquals(Assert.java:100)
	at junit.framework.Assert.assertEquals(Assert.java:107)
	at com.project.rll.steps.LoginStepDefs.verify_user_is_able_to_login_checking(LoginStepDefs.java:59)
	at âœ½.verify user is able to login checking "https://www.chilternoakfurniture.co.uk/account"(file:///C:/Users/Karthik/eclipse-workspace/Chiltern-Oak/src/test/resource/Features/Blogin.feature:8)
&amp#27;[0m

    Embedding User login with different credentials by using excel [image/png 97113 bytes]

]]></system-out>
    <system-err><![CDATA[Feb 29, 2024 5:30:16 PM org.openqa.selenium.devtools.CdpVersionFinder findNearestMatch
WARNING: Unable to find CDP implementation matching 122
Feb 29, 2024 5:30:16 PM org.openqa.selenium.chromium.ChromiumDriver lambda$new$5
WARNING: Unable to find version of CDP to use for 122.0.6261.70. You may need to include a dependency on a specific version of the CDP using something similar to `org.seleniumhq.selenium:selenium-devtools-v86:4.11.0` where the version ("v86") matches the version of the chromium-based browser you're using and the version number of the artifact is the same as Selenium's.
]]></system-err>
  </testcase>
  <testcase name="runScenario" classname="com.project.rll.runners.TestNgRunner" time="12.958"/>
  <testcase name="runScenario" classname="com.project.rll.runners.TestNgRunner" time="11.596"/>
  <testcase name="runScenario" classname="com.project.rll.runners.TestNgRunner" time="13.518"/>
  <testcase name="runScenario" classname="com.project.rll.runners.TestNgRunner" time="12.422"/>
  <testcase name="runScenario" classname="com.project.rll.runners.TestNgRunner" time="13.306"/>
  <testcase name="runScenario" classname="com.project.rll.runners.TestNgRunner" time="10.209"/>
  <testcase name="runScenario" classname="com.project.rll.runners.TestNgRunner" time="10.873"/>
  <testcase name="runScenario" classname="com.project.rll.runners.TestNgRunner" time="12.246"/>
  <testcase name="runScenario" classname="com.project.rll.runners.TestNgRunner" time="27.547"/>
  <testcase name="runScenario" classname="com.project.rll.runners.TestNgRunner" time="46.749"/>
  <testcase name="runScenario" classname="com.project.rll.runners.TestNgRunner" time="12.498"/>
  <testcase name="runScenario" classname="com.project.rll.runners.TestNgRunner" time="24.363"/>
  <testcase name="runScenario" classname="com.project.rll.runners.TestNgRunner" time="13.616"/>
  <testcase name="runScenario" classname="com.project.rll.runners.TestNgRunner" time="15.482"/>
  <testcase name="runScenario" classname="com.project.rll.runners.TestNgRunner" time="20.371"/>
  <testcase name="runScenario" classname="com.project.rll.runners.TestNgRunner" time="20.832"/>
  <testcase name="runScenario" classname="com.project.rll.runners.TestNgRunner" time="43.803"/>
  <testcase name="runScenario" classname="com.project.rll.runners.TestNgRunner" time="32.645"/>
  <testcase name="runScenario" classname="com.project.rll.runners.TestNgRunner" time="41.114"/>
  <testcase name="runScenario" classname="com.project.rll.runners.TestNgRunner" time="37.42"/>
  <testcase name="runScenario" classname="com.project.rll.runners.TestNgRunner" time="37.424"/>
  <testcase name="runScenario" classname="com.project.rll.runners.TestNgRunner" time="13.786"/>
  <testcase name="runScenario" classname="com.project.rll.runners.TestNgRunner" time="13.282"/>
  <testcase name="runScenario" classname="com.project.rll.runners.TestNgRunner" time="12.745"/>
  <testcase name="runScenario" classname="com.project.rll.runners.TestNgRunner" time="79.99">
    <failure message="expected:&lt;...noakfurniture.co.uk/[challenge]#footer_signup_form&gt; but was:&lt;...noakfurniture.co.uk/[?contact%5Btags%5D=prospect%2Cnewsletter&amp;form_type=customer]#footer_signup_form&gt;" type="org.junit.ComparisonFailure"><![CDATA[org.junit.ComparisonFailure: expected:<...noakfurniture.co.uk/[challenge]#footer_signup_form> but was:<...noakfurniture.co.uk/[?contact%5Btags%5D=prospect%2Cnewsletter&form_type=customer]#footer_signup_form>
]]></failure>
    <system-out><![CDATA[
@chilternoak @subscribe @subscriber
Scenario Outline: Subscribe scenario with differe set of data                                        &amp#27;[90m# src/test/resource/Features/GSubscribe.feature:17&amp#27;[0m
[INFO ] 2024-02-29 17:39:54.909 [main] SubscribeSteps - user in homepage
  &amp#27;[32mGiven &amp#27;[0m&amp#27;[32muser in homepage&amp#27;[0m                                                                             &amp#27;[90m# com.project.rll.steps.SubscribeSteps.user_in_homepage()&amp#27;[0m
[INFO ] 2024-02-29 17:39:54.913 [main] SubscribeSteps - user click Subscribe email text box
  &amp#27;[32mWhen &amp#27;[0m&amp#27;[32muser click Subscribe email text box&amp#27;[0m                                                           &amp#27;[90m# com.project.rll.steps.SubscribeSteps.user_click_subscribe_email_text_box()&amp#27;[0m
[INFO ] 2024-02-29 17:39:55.352 [main] SubscribeSteps - user fills the email
  &amp#27;[32mWhen &amp#27;[0m&amp#27;[32muser fills the email as &amp#27;[0m&amp#27;[32m&amp#27;[1m"saif@gmail.com"&amp#27;[0m                                                      &amp#27;[90m# com.project.rll.steps.SubscribeSteps.user_fills_the_email_as(java.lang.String)&amp#27;[0m
[INFO ] 2024-02-29 17:39:57.885 [main] SubscribeSteps - user clicks on subscribe button
  &amp#27;[32mAnd &amp#27;[0m&amp#27;[32muser clicks on subscribe button&amp#27;[0m                                                                &amp#27;[90m# com.project.rll.steps.SubscribeSteps.user_clicks_on_subscribe_button()&amp#27;[0m
[INFO ] 2024-02-29 17:40:00.050 [main] SubscribeSteps - it shows sucess message {string}
  &amp#27;[31mThen &amp#27;[0m&amp#27;[31mit shows sucess message &amp#27;[0m&amp#27;[31m&amp#27;[1m"https://www.chilternoakfurniture.co.uk/challenge#footer_signup_form"&amp#27;[0m &amp#27;[90m# com.project.rll.steps.SubscribeSteps.it_shows_sucess_message(java.lang.String)&amp#27;[0m
      &amp#27;[31morg.junit.ComparisonFailure: expected:<...noakfurniture.co.uk/[challenge]#footer_signup_form> but was:<...noakfurniture.co.uk/[?contact%5Btags%5D=prospect%2Cnewsletter&form_type=customer]#footer_signup_form>
	at org.junit.Assert.assertEquals(Assert.java:117)
	at org.junit.Assert.assertEquals(Assert.java:146)
	at com.project.rll.steps.SubscribeSteps.it_shows_sucess_message(SubscribeSteps.java:57)
	at âœ½.it shows sucess message "https://www.chilternoakfurniture.co.uk/challenge#footer_signup_form"(file:///C:/Users/Karthik/eclipse-workspace/Chiltern-Oak/src/test/resource/Features/GSubscribe.feature:10)
&amp#27;[0m

    Embedding Subscribe scenario with differe set of data [image/png 126032 bytes]

]]></system-out>
    <system-err><![CDATA[Feb 29, 2024 5:39:00 PM org.openqa.selenium.devtools.CdpVersionFinder findNearestMatch
WARNING: Unable to find CDP implementation matching 122
Feb 29, 2024 5:39:00 PM org.openqa.selenium.chromium.ChromiumDriver lambda$new$5
WARNING: Unable to find version of CDP to use for 122.0.6261.70. You may need to include a dependency on a specific version of the CDP using something similar to `org.seleniumhq.selenium:selenium-devtools-v86:4.11.0` where the version ("v86") matches the version of the chromium-based browser you're using and the version number of the artifact is the same as Selenium's.
]]></system-err>
  </testcase>
</testsuite>